<?xml version="1.0" encoding="UTF-8"?>
<!-- Generated by org.testng.reporters.JUnitXMLReporter -->
<testsuite ignored="5" hostname="Malli-PC" failures="0" tests="1" name="Default test" time="14.019" errors="0" timestamp="2023-07-18T18:12:38 IST">
  <testcase classname="Hashtag.HastagRegistration.JoinUs" name="Applynow" time="8.866"/>
  <testcase classname="Hashtag.HastagRegistration.JoinUs" name="resumeField" time="0.0">
    <ignored/>
  </testcase> <!-- resumeField -->
  <testcase classname="Hashtag.HastagRegistration.JoinUs" name="PhoneField" time="0.0">
    <ignored/>
  </testcase> <!-- PhoneField -->
  <testcase classname="Hashtag.HastagRegistration.JoinUs" name="EmailField" time="0.0">
    <ignored/>
  </testcase> <!-- EmailField -->
  <testcase classname="Hashtag.HastagRegistration.JoinUs" name="DescriptionField" time="0.0">
    <ignored/>
  </testcase> <!-- DescriptionField -->
  <testcase classname="Hashtag.HastagRegistration.JoinUs" name="NameField" time="0.0">
    <ignored/>
  </testcase> <!-- NameField -->
</testsuite> <!-- Default test -->
