<?xml version="1.0" encoding="UTF-8"?>
<testng-results ignored="5" total="6" passed="1" failed="0" skipped="0">
  <reporter-output>
  </reporter-output>
  <suite started-at="2023-07-18T18:12:24 IST" name="Default suite" finished-at="2023-07-18T18:12:38 IST" duration-ms="14019">
    <groups>
    </groups>
    <test started-at="2023-07-18T18:12:24 IST" name="Default test" finished-at="2023-07-18T18:12:38 IST" duration-ms="14019">
      <class name="Hashtag.HastagRegistration.JoinUs">
        <test-method is-config="true" signature="launchChrome()[pri:0, instance:Hashtag.HastagRegistration.JoinUs@4d0f2471]" started-at="2023-07-18T18:12:24 IST" name="launchChrome" finished-at="2023-07-18T18:12:29 IST" duration-ms="5031" status="PASS">
          <reporter-output>
          </reporter-output>
        </test-method> <!-- launchChrome -->
        <test-method signature="Applynow()[pri:0, instance:Hashtag.HastagRegistration.JoinUs@4d0f2471]" started-at="2023-07-18T18:12:29 IST" name="Applynow" finished-at="2023-07-18T18:12:38 IST" duration-ms="8866" status="PASS">
          <reporter-output>
          </reporter-output>
        </test-method> <!-- Applynow -->
        <test-method is-config="true" signature="exitSession()[pri:0, instance:Hashtag.HastagRegistration.JoinUs@4d0f2471]" started-at="2023-07-18T18:12:38 IST" name="exitSession" finished-at="2023-07-18T18:12:38 IST" duration-ms="100" status="PASS">
          <reporter-output>
          </reporter-output>
        </test-method> <!-- exitSession -->
      </class> <!-- Hashtag.HastagRegistration.JoinUs -->
    </test> <!-- Default test -->
  </suite> <!-- Default suite -->
</testng-results>
